[INFO  - 2018-01-17T09:53:37.520Z] GhostDriver - Main - running on port 30468
[INFO  - 2018-01-17T09:53:38.631Z] Session [4ab16930-fb6c-11e7-b04c-f35126329cc0] - page.settings - {"XSSAuditingEnabled":false,"javascriptCanCloseWindows":true,"javascriptCanOpenWindows":true,"javascriptEnabled":true,"loadImages":true,"localToRemoteUrlAccessEnabled":false,"userAgent":"Mozilla/5.0 (Windows NT 6.1; WOW64) AppleWebKit/537.36 (KHTML, like Gecko) Chrome/57.0.2987.133 Safari/537.36","webSecurityEnabled":true}
[INFO  - 2018-01-17T09:53:38.631Z] Session [4ab16930-fb6c-11e7-b04c-f35126329cc0] - page.customHeaders:  - {}
[INFO  - 2018-01-17T09:53:38.631Z] Session [4ab16930-fb6c-11e7-b04c-f35126329cc0] - Session.negotiatedCapabilities - {"browserName":"phantomjs","version":"2.1.1","driverName":"ghostdriver","driverVersion":"1.2.0","platform":"windows-10-32bit","javascriptEnabled":true,"takesScreenshot":true,"handlesAlerts":false,"databaseEnabled":false,"locationContextEnabled":false,"applicationCacheEnabled":false,"browserConnectionEnabled":false,"cssSelectorsEnabled":true,"webStorageEnabled":false,"rotatable":false,"acceptSslCerts":false,"nativeEvents":true,"proxy":{"proxyType":"direct"},"phantomjs.page.settings.loadImages":true,"phantomjs.page.settings.userAgent":"Mozilla/5.0 (Windows NT 6.1; WOW64) AppleWebKit/537.36 (KHTML, like Gecko) Chrome/57.0.2987.133 Safari/537.36"}
[INFO  - 2018-01-17T09:53:38.632Z] SessionManagerReqHand - _postNewSessionCommand - New Session Created: 4ab16930-fb6c-11e7-b04c-f35126329cc0
[INFO  - 2018-01-17T09:53:49.119Z] Session [4ab16930-fb6c-11e7-b04c-f35126329cc0] - page.settings - {"XSSAuditingEnabled":false,"javascriptCanCloseWindows":true,"javascriptCanOpenWindows":true,"javascriptEnabled":true,"loadImages":true,"localToRemoteUrlAccessEnabled":false,"userAgent":"Mozilla/5.0 (Windows NT 6.1; WOW64) AppleWebKit/537.36 (KHTML, like Gecko) Chrome/57.0.2987.133 Safari/537.36","webSecurityEnabled":true}
[INFO  - 2018-01-17T09:53:49.119Z] Session [4ab16930-fb6c-11e7-b04c-f35126329cc0] - page.customHeaders:  - {}
[INFO  - 2018-01-17T09:54:12.507Z] Session [4ab16930-fb6c-11e7-b04c-f35126329cc0] - page.settings - {"XSSAuditingEnabled":false,"javascriptCanCloseWindows":true,"javascriptCanOpenWindows":true,"javascriptEnabled":true,"loadImages":true,"localToRemoteUrlAccessEnabled":false,"userAgent":"Mozilla/5.0 (Windows NT 6.1; WOW64) AppleWebKit/537.36 (KHTML, like Gecko) Chrome/57.0.2987.133 Safari/537.36","webSecurityEnabled":true}
[INFO  - 2018-01-17T09:54:12.507Z] Session [4ab16930-fb6c-11e7-b04c-f35126329cc0] - page.customHeaders:  - {}
[INFO  - 2018-01-17T09:55:05.927Z] Session [4ab16930-fb6c-11e7-b04c-f35126329cc0] - page.settings - {"XSSAuditingEnabled":false,"javascriptCanCloseWindows":true,"javascriptCanOpenWindows":true,"javascriptEnabled":true,"loadImages":true,"localToRemoteUrlAccessEnabled":false,"userAgent":"Mozilla/5.0 (Windows NT 6.1; WOW64) AppleWebKit/537.36 (KHTML, like Gecko) Chrome/57.0.2987.133 Safari/537.36","webSecurityEnabled":true}
[INFO  - 2018-01-17T09:55:05.927Z] Session [4ab16930-fb6c-11e7-b04c-f35126329cc0] - page.customHeaders:  - {}
[INFO  - 2018-01-17T09:55:59.233Z] Session [4ab16930-fb6c-11e7-b04c-f35126329cc0] - page.settings - {"XSSAuditingEnabled":false,"javascriptCanCloseWindows":true,"javascriptCanOpenWindows":true,"javascriptEnabled":true,"loadImages":true,"localToRemoteUrlAccessEnabled":false,"userAgent":"Mozilla/5.0 (Windows NT 6.1; WOW64) AppleWebKit/537.36 (KHTML, like Gecko) Chrome/57.0.2987.133 Safari/537.36","webSecurityEnabled":true}
[INFO  - 2018-01-17T09:55:59.233Z] Session [4ab16930-fb6c-11e7-b04c-f35126329cc0] - page.customHeaders:  - {}
[INFO  - 2018-01-17T09:56:47.725Z] Session [4ab16930-fb6c-11e7-b04c-f35126329cc0] - page.settings - {"XSSAuditingEnabled":false,"javascriptCanCloseWindows":true,"javascriptCanOpenWindows":true,"javascriptEnabled":true,"loadImages":true,"localToRemoteUrlAccessEnabled":false,"userAgent":"Mozilla/5.0 (Windows NT 6.1; WOW64) AppleWebKit/537.36 (KHTML, like Gecko) Chrome/57.0.2987.133 Safari/537.36","webSecurityEnabled":true}
[INFO  - 2018-01-17T09:56:47.725Z] Session [4ab16930-fb6c-11e7-b04c-f35126329cc0] - page.customHeaders:  - {}
[INFO  - 2018-01-17T09:56:56.831Z] Session [4ab16930-fb6c-11e7-b04c-f35126329cc0] - page.settings - {"XSSAuditingEnabled":false,"javascriptCanCloseWindows":true,"javascriptCanOpenWindows":true,"javascriptEnabled":true,"loadImages":true,"localToRemoteUrlAccessEnabled":false,"userAgent":"Mozilla/5.0 (Windows NT 6.1; WOW64) AppleWebKit/537.36 (KHTML, like Gecko) Chrome/57.0.2987.133 Safari/537.36","webSecurityEnabled":true}
[INFO  - 2018-01-17T09:56:56.831Z] Session [4ab16930-fb6c-11e7-b04c-f35126329cc0] - page.customHeaders:  - {}
[INFO  - 2018-01-17T09:57:10.379Z] Session [4ab16930-fb6c-11e7-b04c-f35126329cc0] - page.settings - {"XSSAuditingEnabled":false,"javascriptCanCloseWindows":true,"javascriptCanOpenWindows":true,"javascriptEnabled":true,"loadImages":true,"localToRemoteUrlAccessEnabled":false,"userAgent":"Mozilla/5.0 (Windows NT 6.1; WOW64) AppleWebKit/537.36 (KHTML, like Gecko) Chrome/57.0.2987.133 Safari/537.36","webSecurityEnabled":true}
[INFO  - 2018-01-17T09:57:10.379Z] Session [4ab16930-fb6c-11e7-b04c-f35126329cc0] - page.customHeaders:  - {}
[INFO  - 2018-01-17T09:57:31.704Z] Session [4ab16930-fb6c-11e7-b04c-f35126329cc0] - page.settings - {"XSSAuditingEnabled":false,"javascriptCanCloseWindows":true,"javascriptCanOpenWindows":true,"javascriptEnabled":true,"loadImages":true,"localToRemoteUrlAccessEnabled":false,"userAgent":"Mozilla/5.0 (Windows NT 6.1; WOW64) AppleWebKit/537.36 (KHTML, like Gecko) Chrome/57.0.2987.133 Safari/537.36","webSecurityEnabled":true}
[INFO  - 2018-01-17T09:57:31.704Z] Session [4ab16930-fb6c-11e7-b04c-f35126329cc0] - page.customHeaders:  - {}
[INFO  - 2018-01-17T09:58:37.528Z] SessionManagerReqHand - _cleanupWindowlessSessions - Asynchronous Sessions clean-up phase starting NOW
[INFO  - 2018-01-17T09:58:49.184Z] Session [4ab16930-fb6c-11e7-b04c-f35126329cc0] - page.settings - {"XSSAuditingEnabled":false,"javascriptCanCloseWindows":true,"javascriptCanOpenWindows":true,"javascriptEnabled":true,"loadImages":true,"localToRemoteUrlAccessEnabled":false,"userAgent":"Mozilla/5.0 (Windows NT 6.1; WOW64) AppleWebKit/537.36 (KHTML, like Gecko) Chrome/57.0.2987.133 Safari/537.36","webSecurityEnabled":true}
[INFO  - 2018-01-17T09:58:49.184Z] Session [4ab16930-fb6c-11e7-b04c-f35126329cc0] - page.customHeaders:  - {}
[ERROR - 2018-01-17T09:59:02.547Z] WebElementLocator - _handleLocateCommand - Element(s) NOT Found: GAVE UP. Search Stop Time: 1516183142506

  phantomjs://platform/console++.js:263 in error
