Thu 28 Dec 2017 21:04:40 INFO guoshui.py 185 9560 4132 开始登录
Thu 28 Dec 2017 21:04:40 INFO guoshui.py 185 9560 4132 开始登录
Thu 28 Dec 2017 21:04:41 INFO tasks.py 35 9560 4132 something wrong during crawling
Thu 28 Dec 2017 21:04:41 INFO tasks.py 35 9560 4132 something wrong during crawling
Thu 28 Dec 2017 21:05:31 INFO guoshui.py 185 7372 19044 开始登录
Thu 28 Dec 2017 21:05:31 INFO guoshui.py 185 7372 19044 开始登录
Thu 28 Dec 2017 21:05:32 INFO tasks.py 35 7372 19044 something wrong during crawling
Thu 28 Dec 2017 21:05:32 INFO tasks.py 35 7372 19044 something wrong during crawling
Thu 28 Dec 2017 21:05:59 INFO guoshui.py 185 13968 5716 开始登录
Thu 28 Dec 2017 21:05:59 INFO guoshui.py 185 13968 5716 开始登录
Thu 28 Dec 2017 21:07:12 INFO guoshui.py 185 20332 708 开始登录
Thu 28 Dec 2017 21:07:12 INFO guoshui.py 185 20332 708 开始登录
Thu 28 Dec 2017 21:09:09 INFO guoshui.py 185 18312 8264 开始登录
Thu 28 Dec 2017 21:09:09 INFO guoshui.py 185 18312 8264 开始登录
Thu 28 Dec 2017 21:10:42 INFO guoshui.py 185 15592 13812 开始登录
Thu 28 Dec 2017 21:10:42 INFO guoshui.py 185 15592 13812 开始登录
Thu 28 Dec 2017 21:18:24 INFO guoshui.py 185 8204 4604 开始登录
Thu 28 Dec 2017 21:18:24 INFO guoshui.py 185 8204 4604 开始登录
Thu 28 Dec 2017 21:19:01 INFO guoshui.py 185 6364 19156 开始登录
Thu 28 Dec 2017 21:19:01 INFO guoshui.py 185 6364 19156 开始登录
Thu 28 Dec 2017 21:19:01 INFO tasks.py 35 6364 19156 something wrong during crawling
Thu 28 Dec 2017 21:19:01 INFO tasks.py 35 6364 19156 something wrong during crawling
Thu 28 Dec 2017 21:19:06 INFO guoshui.py 185 6364 19156 开始登录
Thu 28 Dec 2017 21:19:06 INFO guoshui.py 185 6364 19156 开始登录
Thu 28 Dec 2017 21:19:06 INFO guoshui.py 185 6364 19156 开始登录
Thu 28 Dec 2017 21:19:07 INFO tasks.py 35 6364 19156 something wrong during crawling
Thu 28 Dec 2017 21:19:07 INFO tasks.py 35 6364 19156 something wrong during crawling
Thu 28 Dec 2017 21:19:07 INFO tasks.py 35 6364 19156 something wrong during crawling
Thu 28 Dec 2017 21:21:12 INFO guoshui.py 185 19808 9304 开始登录
Thu 28 Dec 2017 21:21:12 INFO guoshui.py 185 19808 9304 开始登录
Thu 28 Dec 2017 21:21:12 INFO tasks.py 35 19808 9304 something wrong during crawling
Thu 28 Dec 2017 21:21:12 INFO tasks.py 35 19808 9304 something wrong during crawling
Fri 29 Dec 2017 09:29:10 INFO guoshui.py 185 11656 20208 开始登录
Fri 29 Dec 2017 09:29:10 INFO guoshui.py 185 11656 20208 开始登录
Fri 29 Dec 2017 09:29:10 ERROR guoshui.py 222 11656 20208 登录失败
Fri 29 Dec 2017 09:29:10 ERROR guoshui.py 222 11656 20208 登录失败
Fri 29 Dec 2017 09:29:10 ERROR guoshui.py 222 11656 20208 登录失败
Fri 29 Dec 2017 09:29:10 ERROR guoshui.py 222 11656 20208 登录失败
Fri 29 Dec 2017 09:29:10 ERROR guoshui.py 222 11656 20208 登录失败
Fri 29 Dec 2017 09:29:10 ERROR guoshui.py 222 11656 20208 登录失败
Fri 29 Dec 2017 09:29:10 ERROR guoshui.py 222 11656 20208 登录失败
Fri 29 Dec 2017 09:29:10 ERROR guoshui.py 222 11656 20208 登录失败
Fri 29 Dec 2017 09:29:10 INFO tasks.py 35 11656 20208 something wrong during crawling
Fri 29 Dec 2017 09:29:10 INFO tasks.py 35 11656 20208 something wrong during crawling
Fri 29 Dec 2017 09:29:57 INFO guoshui.py 185 19044 12080 开始登录
Fri 29 Dec 2017 09:29:57 INFO guoshui.py 185 19044 12080 开始登录
Fri 29 Dec 2017 09:30:06 ERROR guoshui.py 222 19044 12080 登录失败
Fri 29 Dec 2017 09:30:06 ERROR guoshui.py 222 19044 12080 登录失败
Thu 11 Jan 2018 20:19:33 INFO guoshui.py 260 3368 18128 截取国税增值税申报信息
Thu 11 Jan 2018 20:19:33 INFO guoshui.py 260 3368 18128 截取国税增值税申报信息
Thu 11 Jan 2018 20:19:44 INFO tasks.py 35 3368 18128 something wrong during crawling
Thu 11 Jan 2018 20:19:44 INFO tasks.py 35 3368 18128 something wrong during crawling
Thu 11 Jan 2018 20:23:38 INFO guoshui.py 260 18608 18228 截取国税增值税申报信息
Thu 11 Jan 2018 20:23:38 INFO guoshui.py 260 18608 18228 截取国税增值税申报信息
Thu 11 Jan 2018 20:24:33 INFO guoshui.py 360 18608 18228 截取国税申报信息已完成
Thu 11 Jan 2018 20:24:33 INFO guoshui.py 360 18608 18228 截取国税申报信息已完成
Thu 11 Jan 2018 20:24:37 INFO guoshui.py 260 18608 18228 截取国税财务报表申报信息
Thu 11 Jan 2018 20:24:37 INFO guoshui.py 260 18608 18228 截取国税财务报表申报信息
Thu 11 Jan 2018 20:24:48 INFO guoshui.py 360 18608 18228 截取国税申报信息已完成
Thu 11 Jan 2018 20:24:48 INFO guoshui.py 360 18608 18228 截取国税申报信息已完成
Thu 11 Jan 2018 20:24:50 INFO guoshui.py 260 18608 18228 截取国税所得税申报信息
Thu 11 Jan 2018 20:24:50 INFO guoshui.py 260 18608 18228 截取国税所得税申报信息
Thu 11 Jan 2018 20:24:59 INFO guoshui.py 360 18608 18228 截取国税申报信息已完成
Thu 11 Jan 2018 20:24:59 INFO guoshui.py 360 18608 18228 截取国税申报信息已完成
Thu 11 Jan 2018 20:25:36 INFO guoshui.py 402 18608 18228 截取国税缴款信息
Thu 11 Jan 2018 20:25:36 INFO guoshui.py 402 18608 18228 截取国税缴款信息
Thu 11 Jan 2018 20:28:32 WARNING guoshui.py 475 18608 18228 ['1', '2017-08-01', '2017-08-31', '城市维护建设税', '市区（增值税附征）', '2017-08-09', '未知种类', '2017-09-15', '2017-08-09', '3.06']
Thu 11 Jan 2018 20:28:32 WARNING guoshui.py 475 18608 18228 ['1', '2017-08-01', '2017-08-31', '城市维护建设税', '市区（增值税附征）', '2017-08-09', '未知种类', '2017-09-15', '2017-08-09', '3.06']
Thu 11 Jan 2018 20:29:15 INFO guoshui.py 482 18608 18228 ('5590', 2017, '08', 18282900, 9, '2017-08-01', '2017-08-31', '城市维护建设税', '市区（增值税附征）', '2017-08-09', '未知种类', '2017-09-15', '2017-08-09', '3.06', '{"0": "files/151567370GAl0.png"}')
Thu 11 Jan 2018 20:29:15 INFO guoshui.py 482 18608 18228 ('5590', 2017, '08', 18282900, 9, '2017-08-01', '2017-08-31', '城市维护建设税', '市区（增值税附征）', '2017-08-09', '未知种类', '2017-09-15', '2017-08-09', '3.06', '{"0": "files/151567370GAl0.png"}')
Thu 11 Jan 2018 20:29:16 WARNING guoshui.py 475 18608 18228 ['2', '2017-08-01', '2017-08-31', '增值税', '其他现代服务', '2017-08-09', '未知种类', '2017-09-15', '2017-08-09', '43.69']
Thu 11 Jan 2018 20:29:16 WARNING guoshui.py 475 18608 18228 ['2', '2017-08-01', '2017-08-31', '增值税', '其他现代服务', '2017-08-09', '未知种类', '2017-09-15', '2017-08-09', '43.69']
Thu 11 Jan 2018 20:29:17 INFO guoshui.py 482 18608 18228 ('5590', 2017, '08', 18282900, 9, '2017-08-01', '2017-08-31', '增值税', '其他现代服务', '2017-08-09', '未知种类', '2017-09-15', '2017-08-09', '43.69', '{"0": "files/151567370GAl0.png"}')
Thu 11 Jan 2018 20:29:17 INFO guoshui.py 482 18608 18228 ('5590', 2017, '08', 18282900, 9, '2017-08-01', '2017-08-31', '增值税', '其他现代服务', '2017-08-09', '未知种类', '2017-09-15', '2017-08-09', '43.69', '{"0": "files/151567370GAl0.png"}')
Thu 11 Jan 2018 20:29:17 INFO guoshui.py 484 18608 18228 截取国税缴款信息已完成
Thu 11 Jan 2018 20:29:17 INFO guoshui.py 484 18608 18228 截取国税缴款信息已完成
Thu 11 Jan 2018 20:30:55 INFO guoshui.py 492 18608 18228 开始登录地税
Thu 11 Jan 2018 20:30:55 INFO guoshui.py 492 18608 18228 开始登录地税
Thu 11 Jan 2018 20:31:10 INFO guoshui.py 510 18608 18228 截取地税申报信息
Thu 11 Jan 2018 20:31:10 INFO guoshui.py 510 18608 18228 截取地税申报信息
Thu 11 Jan 2018 20:31:25 INFO guoshui.py 949 18608 18228 ('5590', 2017, '08', 18282900, 9, '10024417000022177602', '《扣缴个人所得税报告表》', None, '0.00', '', '2017-08-04', '', '', '{"0": "files/15A1567388X3A.png"}')
Thu 11 Jan 2018 20:31:25 INFO guoshui.py 949 18608 18228 ('5590', 2017, '08', 18282900, 9, '10024417000022177602', '《扣缴个人所得税报告表》', None, '0.00', '', '2017-08-04', '', '', '{"0": "files/15A1567388X3A.png"}')
Thu 11 Jan 2018 20:31:35 INFO guoshui.py 1097 18608 18228 截取地税申报信息已完成
Thu 11 Jan 2018 20:31:35 INFO guoshui.py 1097 18608 18228 截取地税申报信息已完成
Thu 11 Jan 2018 20:37:22 INFO guoshui.py 492 18608 18228 开始登录地税
Thu 11 Jan 2018 20:37:22 INFO guoshui.py 492 18608 18228 开始登录地税
Thu 11 Jan 2018 20:37:28 INFO guoshui.py 510 18608 18228 截取地税申报信息
Thu 11 Jan 2018 20:37:28 INFO guoshui.py 510 18608 18228 截取地税申报信息
Thu 11 Jan 2018 20:37:59 INFO guoshui.py 492 18608 18228 开始登录地税
Thu 11 Jan 2018 20:37:59 INFO guoshui.py 492 18608 18228 开始登录地税
Thu 11 Jan 2018 20:38:00 INFO guoshui.py 510 18608 18228 截取地税申报信息
Thu 11 Jan 2018 20:38:00 INFO guoshui.py 510 18608 18228 截取地税申报信息
Thu 11 Jan 2018 20:38:06 INFO tasks.py 35 18608 18228 something wrong during crawling
Thu 11 Jan 2018 20:38:06 INFO tasks.py 35 18608 18228 something wrong during crawling
Fri 12 Jan 2018 14:08:15 WARNING guoshui.py 1250 15116 15112 argument of type 'NoneType' is not iterable
Fri 12 Jan 2018 14:08:15 WARNING guoshui.py 1250 15116 15112 argument of type 'NoneType' is not iterable
Fri 12 Jan 2018 14:08:19 INFO tasks.py 35 15116 15112 something wrong during crawling
Fri 12 Jan 2018 14:08:19 INFO tasks.py 35 15116 15112 something wrong during crawling
Fri 12 Jan 2018 14:15:34 WARNING guoshui.py 1250 11992 11364 argument of type 'NoneType' is not iterable
Fri 12 Jan 2018 14:15:34 WARNING guoshui.py 1250 11992 11364 argument of type 'NoneType' is not iterable
Fri 12 Jan 2018 14:39:27 WARNING guoshui.py 244 14384 14608 登录失败,重试
Fri 12 Jan 2018 14:39:27 WARNING guoshui.py 244 14384 14608 登录失败,重试
Fri 12 Jan 2018 14:39:54 WARNING guoshui.py 244 14384 14608 登录失败,重试
Fri 12 Jan 2018 14:39:54 WARNING guoshui.py 244 14384 14608 登录失败,重试
Fri 12 Jan 2018 14:41:03 INFO guoshui.py 264 14384 14608 截取国税增值税申报信息
Fri 12 Jan 2018 14:41:03 INFO guoshui.py 264 14384 14608 截取国税增值税申报信息
Fri 12 Jan 2018 14:55:26 WARNING guoshui.py 1253 1288 13512 Message: 'phantomjs' executable needs to be in PATH. 

Fri 12 Jan 2018 14:55:26 WARNING guoshui.py 1253 1288 13512 Message: 'phantomjs' executable needs to be in PATH. 

Fri 12 Jan 2018 14:55:35 INFO tasks.py 35 1288 13512 something wrong during crawling
Fri 12 Jan 2018 14:55:35 INFO tasks.py 35 1288 13512 something wrong during crawling
Fri 12 Jan 2018 15:06:12 WARNING guoshui.py 244 2212 128 登录失败,重试
Fri 12 Jan 2018 15:06:12 WARNING guoshui.py 244 2212 128 登录失败,重试
Fri 12 Jan 2018 15:06:22 WARNING guoshui.py 244 2212 128 登录失败,重试
Fri 12 Jan 2018 15:06:22 WARNING guoshui.py 244 2212 128 登录失败,重试
Fri 12 Jan 2018 15:06:34 WARNING guoshui.py 244 2212 128 登录失败,重试
Fri 12 Jan 2018 15:06:34 WARNING guoshui.py 244 2212 128 登录失败,重试
Fri 12 Jan 2018 15:06:46 WARNING guoshui.py 244 2212 128 登录失败,重试
Fri 12 Jan 2018 15:06:46 WARNING guoshui.py 244 2212 128 登录失败,重试
Fri 12 Jan 2018 15:06:59 WARNING guoshui.py 244 2212 128 登录失败,重试
Fri 12 Jan 2018 15:06:59 WARNING guoshui.py 244 2212 128 登录失败,重试
Fri 12 Jan 2018 15:07:12 WARNING guoshui.py 244 2212 128 登录失败,重试
Fri 12 Jan 2018 15:07:12 WARNING guoshui.py 244 2212 128 登录失败,重试
Fri 12 Jan 2018 15:07:15 WARNING guoshui.py 1253 2212 128 'bool' object is not iterable
Fri 12 Jan 2018 15:07:15 WARNING guoshui.py 1253 2212 128 'bool' object is not iterable
Fri 12 Jan 2018 15:07:15 INFO tasks.py 35 2212 128 something wrong during crawling
Fri 12 Jan 2018 15:07:15 INFO tasks.py 35 2212 128 something wrong during crawling
Fri 12 Jan 2018 15:08:28 WARNING guoshui.py 244 6244 1824 登录失败,重试
Fri 12 Jan 2018 15:08:28 WARNING guoshui.py 244 6244 1824 登录失败,重试
Fri 12 Jan 2018 15:08:34 WARNING guoshui.py 244 6244 1824 登录失败,重试
Fri 12 Jan 2018 15:08:34 WARNING guoshui.py 244 6244 1824 登录失败,重试
Fri 12 Jan 2018 15:08:44 WARNING guoshui.py 244 6244 1824 登录失败,重试
Fri 12 Jan 2018 15:08:44 WARNING guoshui.py 244 6244 1824 登录失败,重试
Fri 12 Jan 2018 15:08:54 WARNING guoshui.py 244 6244 1824 登录失败,重试
Fri 12 Jan 2018 15:08:54 WARNING guoshui.py 244 6244 1824 登录失败,重试
Fri 12 Jan 2018 15:09:07 WARNING guoshui.py 244 6244 1824 登录失败,重试
Fri 12 Jan 2018 15:09:07 WARNING guoshui.py 244 6244 1824 登录失败,重试
Fri 12 Jan 2018 15:09:31 WARNING guoshui.py 244 6244 1824 登录失败,重试
Fri 12 Jan 2018 15:09:31 WARNING guoshui.py 244 6244 1824 登录失败,重试
Fri 12 Jan 2018 15:09:41 WARNING guoshui.py 1253 6244 1824 'bool' object is not iterable
Fri 12 Jan 2018 15:09:41 WARNING guoshui.py 1253 6244 1824 'bool' object is not iterable
Fri 12 Jan 2018 15:15:31 WARNING guoshui.py 244 2136 10268 登录失败,重试
Fri 12 Jan 2018 15:15:31 WARNING guoshui.py 244 2136 10268 登录失败,重试
Fri 12 Jan 2018 15:15:40 WARNING guoshui.py 244 2136 10268 登录失败,重试
Fri 12 Jan 2018 15:15:40 WARNING guoshui.py 244 2136 10268 登录失败,重试
Fri 12 Jan 2018 15:15:55 WARNING guoshui.py 244 2136 10268 登录失败,重试
Fri 12 Jan 2018 15:15:55 WARNING guoshui.py 244 2136 10268 登录失败,重试
Fri 12 Jan 2018 15:16:03 WARNING guoshui.py 244 2136 10268 登录失败,重试
Fri 12 Jan 2018 15:16:03 WARNING guoshui.py 244 2136 10268 登录失败,重试
Fri 12 Jan 2018 15:16:10 WARNING guoshui.py 244 2136 10268 登录失败,重试
Fri 12 Jan 2018 15:16:10 WARNING guoshui.py 244 2136 10268 登录失败,重试
Fri 12 Jan 2018 15:16:18 WARNING guoshui.py 244 2136 10268 登录失败,重试
Fri 12 Jan 2018 15:16:18 WARNING guoshui.py 244 2136 10268 登录失败,重试
Fri 12 Jan 2018 15:16:23 WARNING guoshui.py 1253 2136 10268 'bool' object is not iterable
Fri 12 Jan 2018 15:16:23 WARNING guoshui.py 1253 2136 10268 'bool' object is not iterable
Fri 12 Jan 2018 15:30:57 WARNING guoshui.py 244 364 14780 登录失败,重试
Fri 12 Jan 2018 15:30:57 WARNING guoshui.py 244 364 14780 登录失败,重试
Fri 12 Jan 2018 15:31:04 WARNING guoshui.py 244 364 14780 登录失败,重试
Fri 12 Jan 2018 15:31:04 WARNING guoshui.py 244 364 14780 登录失败,重试
Fri 12 Jan 2018 15:31:10 WARNING guoshui.py 244 364 14780 登录失败,重试
Fri 12 Jan 2018 15:31:10 WARNING guoshui.py 244 364 14780 登录失败,重试
Fri 12 Jan 2018 15:31:33 WARNING guoshui.py 1209 364 14780 <urlopen error [WinError 10060] 由于连接方在一段时间后没有正确答复或连接的主机没有反应，连接尝试失败。>
Fri 12 Jan 2018 15:31:33 WARNING guoshui.py 1209 364 14780 <urlopen error [WinError 10060] 由于连接方在一段时间后没有正确答复或连接的主机没有反应，连接尝试失败。>
Fri 12 Jan 2018 15:32:33 WARNING guoshui.py 244 14712 10296 登录失败,重试
Fri 12 Jan 2018 15:32:33 WARNING guoshui.py 244 14712 10296 登录失败,重试
Fri 12 Jan 2018 15:32:40 WARNING guoshui.py 244 14712 10296 登录失败,重试
Fri 12 Jan 2018 15:32:40 WARNING guoshui.py 244 14712 10296 登录失败,重试
Fri 12 Jan 2018 15:32:47 WARNING guoshui.py 244 14712 10296 登录失败,重试
Fri 12 Jan 2018 15:32:47 WARNING guoshui.py 244 14712 10296 登录失败,重试
Fri 12 Jan 2018 15:32:54 WARNING guoshui.py 244 14712 10296 登录失败,重试
Fri 12 Jan 2018 15:32:54 WARNING guoshui.py 244 14712 10296 登录失败,重试
Fri 12 Jan 2018 15:33:04 WARNING guoshui.py 244 14712 10296 登录失败,重试
Fri 12 Jan 2018 15:33:04 WARNING guoshui.py 244 14712 10296 登录失败,重试
Fri 12 Jan 2018 15:33:15 WARNING guoshui.py 244 14712 10296 登录失败,重试
Fri 12 Jan 2018 15:33:15 WARNING guoshui.py 244 14712 10296 登录失败,重试
Fri 12 Jan 2018 15:33:19 WARNING guoshui.py 1209 14712 10296 'bool' object is not iterable
Fri 12 Jan 2018 15:33:19 WARNING guoshui.py 1209 14712 10296 'bool' object is not iterable
Fri 12 Jan 2018 21:32:23 INFO guoshui.py 264 10856 6192 截取国税增值税申报信息
Fri 12 Jan 2018 21:32:23 INFO guoshui.py 264 10856 6192 截取国税增值税申报信息
Fri 12 Jan 2018 21:32:26 INFO guoshui.py 364 10856 6192 截取国税申报信息已完成
Fri 12 Jan 2018 21:32:26 INFO guoshui.py 364 10856 6192 截取国税申报信息已完成
Fri 12 Jan 2018 21:32:35 INFO guoshui.py 264 10856 6192 截取国税财务报表申报信息
Fri 12 Jan 2018 21:32:35 INFO guoshui.py 264 10856 6192 截取国税财务报表申报信息
Fri 12 Jan 2018 21:32:38 INFO guoshui.py 364 10856 6192 截取国税申报信息已完成
Fri 12 Jan 2018 21:32:38 INFO guoshui.py 364 10856 6192 截取国税申报信息已完成
Fri 12 Jan 2018 21:32:46 INFO guoshui.py 264 10856 6192 截取国税所得税申报信息
Fri 12 Jan 2018 21:32:46 INFO guoshui.py 264 10856 6192 截取国税所得税申报信息
Fri 12 Jan 2018 21:32:49 INFO guoshui.py 364 10856 6192 截取国税申报信息已完成
Fri 12 Jan 2018 21:32:49 INFO guoshui.py 364 10856 6192 截取国税申报信息已完成
Fri 12 Jan 2018 21:39:13 WARNING guoshui.py 244 13364 17264 登录失败,重试
Fri 12 Jan 2018 21:39:13 WARNING guoshui.py 244 13364 17264 登录失败,重试
Fri 12 Jan 2018 21:40:34 INFO guoshui.py 264 13364 17264 截取国税增值税申报信息
Fri 12 Jan 2018 21:40:34 INFO guoshui.py 264 13364 17264 截取国税增值税申报信息
Fri 12 Jan 2018 21:40:37 INFO guoshui.py 346 13364 17264 有申报表需要查询
Fri 12 Jan 2018 21:40:37 INFO guoshui.py 346 13364 17264 有申报表需要查询
Fri 12 Jan 2018 21:41:11 INFO guoshui.py 1289 13364 17264 GSYCX出错
Fri 12 Jan 2018 21:41:11 INFO guoshui.py 1289 13364 17264 GSYCX出错
Fri 12 Jan 2018 21:41:11 WARNING guoshui.py 1290 13364 17264 Message: {"errorMessage":"Unable to find element with xpath '//tr[@class=\"mini-grid-row\"][1]//a[1]'","request":{"headers":{"Accept":"application/json","Accept-Encoding":"identity","Connection":"close","Content-Length":"123","Content-Type":"application/json;charset=UTF-8","Host":"127.0.0.1:54827","User-Agent":"Python http auth"},"httpVersion":"1.1","method":"POST","post":"{\"sessionId\": \"22f6e9f0-f79e-11e7-bb29-f5715aff7cf5\", \"using\": \"xpath\", \"value\": \"//tr[@class=\\\"mini-grid-row\\\"][1]//a[1]\"}","url":"/element","urlParsed":{"anchor":"","query":"","file":"element","directory":"/","path":"/element","relative":"/element","port":"","host":"","password":"","user":"","userInfo":"","authority":"","protocol":"","source":"/element","queryKey":{},"chunks":["element"]},"urlOriginal":"/session/22f6e9f0-f79e-11e7-bb29-f5715aff7cf5/element"}}
Screenshot: available via screen

Fri 12 Jan 2018 21:41:11 WARNING guoshui.py 1290 13364 17264 Message: {"errorMessage":"Unable to find element with xpath '//tr[@class=\"mini-grid-row\"][1]//a[1]'","request":{"headers":{"Accept":"application/json","Accept-Encoding":"identity","Connection":"close","Content-Length":"123","Content-Type":"application/json;charset=UTF-8","Host":"127.0.0.1:54827","User-Agent":"Python http auth"},"httpVersion":"1.1","method":"POST","post":"{\"sessionId\": \"22f6e9f0-f79e-11e7-bb29-f5715aff7cf5\", \"using\": \"xpath\", \"value\": \"//tr[@class=\\\"mini-grid-row\\\"][1]//a[1]\"}","url":"/element","urlParsed":{"anchor":"","query":"","file":"element","directory":"/","path":"/element","relative":"/element","port":"","host":"","password":"","user":"","userInfo":"","authority":"","protocol":"","source":"/element","queryKey":{},"chunks":["element"]},"urlOriginal":"/session/22f6e9f0-f79e-11e7-bb29-f5715aff7cf5/element"}}
Screenshot: available via screen

Fri 12 Jan 2018 21:41:11 INFO guoshui.py 1291 13364 17264 国税已申报查询失败
Fri 12 Jan 2018 21:41:11 INFO guoshui.py 1291 13364 17264 国税已申报查询失败
Fri 12 Jan 2018 21:44:56 INFO guoshui.py 264 8308 1904 截取国税增值税申报信息
Fri 12 Jan 2018 21:44:56 INFO guoshui.py 264 8308 1904 截取国税增值税申报信息
Fri 12 Jan 2018 21:45:01 INFO guoshui.py 346 8308 1904 有申报表需要查询
Fri 12 Jan 2018 21:45:01 INFO guoshui.py 346 8308 1904 有申报表需要查询
Fri 12 Jan 2018 21:46:38 INFO guoshui.py 264 15228 14512 截取国税增值税申报信息
Fri 12 Jan 2018 21:46:38 INFO guoshui.py 264 15228 14512 截取国税增值税申报信息
Fri 12 Jan 2018 21:46:41 INFO guoshui.py 346 15228 14512 有申报表需要查询
Fri 12 Jan 2018 21:46:41 INFO guoshui.py 346 15228 14512 有申报表需要查询
Fri 12 Jan 2018 21:50:17 INFO guoshui.py 264 2600 15116 截取国税增值税申报信息
Fri 12 Jan 2018 21:50:17 INFO guoshui.py 264 2600 15116 截取国税增值税申报信息
Fri 12 Jan 2018 21:50:20 INFO guoshui.py 346 2600 15116 有申报表需要查询
Fri 12 Jan 2018 21:50:20 INFO guoshui.py 346 2600 15116 有申报表需要查询
Fri 12 Jan 2018 21:50:42 INFO guoshui.py 1289 2600 15116 GSYCX出错
Fri 12 Jan 2018 21:50:42 INFO guoshui.py 1289 2600 15116 GSYCX出错
Fri 12 Jan 2018 21:50:43 WARNING guoshui.py 1290 2600 15116 Message: {"errorMessage":"Unable to locate an element with the xpath expression //table[@id=\"mini-grid-table-bodysbqkGrid\"]/tbody/tr[{2}]//a[1] because of the following error:\nError: INVALID_EXPRESSION_ERR: DOM XPath Exception 51","request":{"headers":{"Accept":"application/json","Accept-Encoding":"identity","Connection":"close","Content-Length":"149","Content-Type":"application/json;charset=UTF-8","Host":"127.0.0.1:56034","User-Agent":"Python http auth"},"httpVersion":"1.1","method":"POST","post":"{\"sessionId\": \"7d275580-f79f-11e7-8e1d-63deae078f7a\", \"using\": \"xpath\", \"value\": \"//table[@id=\\\"mini-grid-table-bodysbqkGrid\\\"]/tbody/tr[{2}]//a[1]\"}","url":"/element","urlParsed":{"anchor":"","query":"","file":"element","directory":"/","path":"/element","relative":"/element","port":"","host":"","password":"","user":"","userInfo":"","authority":"","protocol":"","source":"/element","queryKey":{},"chunks":["element"]},"urlOriginal":"/session/7d275580-f79f-11e7-8e1d-63deae078f7a/element"}}
Screenshot: available via screen

Fri 12 Jan 2018 21:50:43 WARNING guoshui.py 1290 2600 15116 Message: {"errorMessage":"Unable to locate an element with the xpath expression //table[@id=\"mini-grid-table-bodysbqkGrid\"]/tbody/tr[{2}]//a[1] because of the following error:\nError: INVALID_EXPRESSION_ERR: DOM XPath Exception 51","request":{"headers":{"Accept":"application/json","Accept-Encoding":"identity","Connection":"close","Content-Length":"149","Content-Type":"application/json;charset=UTF-8","Host":"127.0.0.1:56034","User-Agent":"Python http auth"},"httpVersion":"1.1","method":"POST","post":"{\"sessionId\": \"7d275580-f79f-11e7-8e1d-63deae078f7a\", \"using\": \"xpath\", \"value\": \"//table[@id=\\\"mini-grid-table-bodysbqkGrid\\\"]/tbody/tr[{2}]//a[1]\"}","url":"/element","urlParsed":{"anchor":"","query":"","file":"element","directory":"/","path":"/element","relative":"/element","port":"","host":"","password":"","user":"","userInfo":"","authority":"","protocol":"","source":"/element","queryKey":{},"chunks":["element"]},"urlOriginal":"/session/7d275580-f79f-11e7-8e1d-63deae078f7a/element"}}
Screenshot: available via screen

Fri 12 Jan 2018 21:52:27 INFO guoshui.py 264 5080 4956 截取国税增值税申报信息
Fri 12 Jan 2018 21:52:27 INFO guoshui.py 264 5080 4956 截取国税增值税申报信息
Fri 12 Jan 2018 21:52:30 INFO guoshui.py 346 5080 4956 有申报表需要查询
Fri 12 Jan 2018 21:52:30 INFO guoshui.py 346 5080 4956 有申报表需要查询
Fri 12 Jan 2018 21:52:34 INFO guoshui.py 370 5080 4956 申报表截图
Fri 12 Jan 2018 21:52:34 INFO guoshui.py 370 5080 4956 申报表截图
