Fri 26 Jan 2018 16:05:25 INFO guoshui.py 230 7796 18068 customerid:9,开始尝试登陆
Fri 26 Jan 2018 16:05:25 INFO guoshui.py 240 7796 18068 未传代理参数，启用本机IP
Fri 26 Jan 2018 16:05:26 INFO guoshui.py 266 7796 18068 customerid:9，获取验证码为：None
Fri 26 Jan 2018 16:05:26 INFO guoshui.py 230 7796 18068 customerid:9,开始尝试登陆
Fri 26 Jan 2018 16:05:26 INFO guoshui.py 240 7796 18068 未传代理参数，启用本机IP
Fri 26 Jan 2018 16:05:28 INFO guoshui.py 266 7796 18068 customerid:9，获取验证码为：[{"x":270,"y":25},{"x":216,"y":91},{"x":22,"y":79}]
Fri 26 Jan 2018 16:05:28 INFO guoshui.py 270 7796 18068 customerid:9，验证验证码[{"x":270,"y":25},{"x":216,"y":91},{"x":22,"y":79}]
Fri 26 Jan 2018 16:05:28 INFO guoshui.py 278 7796 18068 customerid:9,成功post数据
Fri 26 Jan 2018 16:05:28 INFO guoshui.py 285 7796 18068 customerid:9pass
Fri 26 Jan 2018 16:05:28 INFO guoshui.py 1457 7796 18068 customerid:9获取cookies
Fri 26 Jan 2018 16:05:36 INFO guoshui.py 380 7796 18068 customerid:9截取国税增值税申报信息
Fri 26 Jan 2018 16:05:39 INFO guoshui.py 469 7796 18068 ['1', '《增值税纳税申报表（一般纳税人适用）》', '2017-01-11', '2016-12-01', '2016-12-31', '申报成功', '342.79', '缴款']
Fri 26 Jan 2018 16:05:39 INFO guoshui.py 470 7796 18068 customerid:9开始插入数据库
Fri 26 Jan 2018 16:05:39 INFO guoshui.py 477 7796 18068 ('10298', 2017, '01', 18282900, 9, '《增值税纳税申报表（一般纳税人适用）》', '2017-01-11', '2016-12-01', '2016-12-31', '申报成功', '342.79', '{"0": "files/15L16G9539L39.png"}')
Fri 26 Jan 2018 16:05:39 INFO guoshui.py 479 7796 18068 customerid:9数据库插入完成
Fri 26 Jan 2018 16:05:39 INFO guoshui.py 480 7796 18068 customerid:9截取国税申报信息已完成
Fri 26 Jan 2018 16:05:39 INFO guoshui.py 380 7796 18068 customerid:9截取国税财务报表申报信息
Fri 26 Jan 2018 16:05:42 INFO guoshui.py 480 7796 18068 customerid:9截取国税申报信息已完成
Fri 26 Jan 2018 16:05:42 INFO guoshui.py 380 7796 18068 customerid:9截取国税所得税申报信息
Fri 26 Jan 2018 16:05:45 INFO guoshui.py 469 7796 18068 ['1', '《中华人民共和国企业所得税月（季）度预缴纳税申报表（A类，2015年版）》', '2017-01-11', '2016-10-01', '2016-12-31', '申报成功', '104.69', '缴款']
Fri 26 Jan 2018 16:05:45 INFO guoshui.py 470 7796 18068 customerid:9开始插入数据库
Fri 26 Jan 2018 16:05:45 INFO guoshui.py 477 7796 18068 ('10298', 2017, '01', 18282900, 9, '《中华人民共和国企业所得税月（季）度预缴纳税申报表（A类，2015年版）》', '2017-01-11', '2016-10-01', '2016-12-31', '申报成功', '104.69', '{"0": "files/151695j3L94l4.png"}')
Fri 26 Jan 2018 16:05:45 INFO guoshui.py 479 7796 18068 customerid:9数据库插入完成
Fri 26 Jan 2018 16:05:45 INFO guoshui.py 480 7796 18068 customerid:9截取国税申报信息已完成
Fri 26 Jan 2018 16:05:45 INFO guoshui.py 522 7796 18068 customerid:9截取国税缴款信息
Fri 26 Jan 2018 16:05:56 INFO guoshui.py 583 7796 18068 Message: {"errorMessage":"Unable to find element with css selector '#mini-37 .mini-button-text'","request":{"headers":{"Accept":"application/json","Accept-Encoding":"identity","Connection":"close","Content-Length":"117","Content-Type":"application/json;charset=UTF-8","Host":"127.0.0.1:9790","User-Agent":"Python http auth"},"httpVersion":"1.1","method":"POST","post":"{\"value\": \"#mini-37 .mini-button-text\", \"using\": \"css selector\", \"sessionId\": \"ad771c90-026f-11e8-8ce0-c5fadcf88566\"}","url":"/element","urlParsed":{"anchor":"","query":"","file":"element","directory":"/","path":"/element","relative":"/element","port":"","host":"","password":"","user":"","userInfo":"","authority":"","protocol":"","source":"/element","queryKey":{},"chunks":["element"]},"urlOriginal":"/session/ad771c90-026f-11e8-8ce0-c5fadcf88566/element"}}
Screenshot: available via screen

Fri 26 Jan 2018 16:05:59 WARNING guoshui.py 600 7796 18068 ['1', '2016-12-01', '2016-12-31', '增值税', '信息系统服务', '2017-01-11', '未知种类', '2017-01-17', '2017-01-11', '342.79']
Fri 26 Jan 2018 16:05:59 INFO guoshui.py 607 7796 18068 ('10298', 2017, '01', 18282900, 9, '2016-12-01', '2016-12-31', '增值税', '信息系统服务', '2017-01-11', '未知种类', '2017-01-17', '2017-01-11', '342.79', '{"0": "files/1516o95MU3959.png"}')
Fri 26 Jan 2018 16:05:59 WARNING guoshui.py 600 7796 18068 ['2', '2016-10-01', '2016-12-31', '企业所得税', '应纳税所得额', '2017-01-11', '未知种类', '2017-01-17', '2017-01-11', '104.69']
Fri 26 Jan 2018 16:05:59 INFO guoshui.py 607 7796 18068 ('10298', 2017, '01', 18282900, 9, '2016-10-01', '2016-12-31', '企业所得税', '应纳税所得额', '2017-01-11', '未知种类', '2017-01-17', '2017-01-11', '104.69', '{"0": "files/1516o95MU3959.png"}')
Fri 26 Jan 2018 16:05:59 INFO guoshui.py 609 7796 18068 customerid:9截取国税缴款信息已完成
Fri 26 Jan 2018 16:06:00 INFO guoshui.py 617 7796 18068 customerid:9开始登录地税
Fri 26 Jan 2018 16:06:11 INFO guoshui.py 648 7796 18068 customerid:9截取地税申报信息
Fri 26 Jan 2018 16:06:21 INFO guoshui.py 1084 7796 18068 customerid:9地税个人所得税信息查询
Fri 26 Jan 2018 16:06:24 INFO guoshui.py 1133 7796 18068 ('10298', 2017, '01', 18282900, 9, '10024417000002910094', '《扣缴个人所得税报告表》', None, '0.00', '', '2017-01-15', '', '', '{"0": "files/151W6953R9L80.png"}')
Fri 26 Jan 2018 16:06:24 INFO guoshui.py 1134 7796 18068 customerid:9地税个人所得税数据入库
Fri 26 Jan 2018 16:06:24 INFO guoshui.py 1136 7796 18068 customerid:9地税个人所得税数据入库完成
Fri 26 Jan 2018 16:06:26 INFO guoshui.py 1156 7796 18068 customerid:9地税企业所得税查询
Fri 26 Jan 2018 16:06:29 INFO guoshui.py 1227 7796 18068 customerid:9地税城建税
Fri 26 Jan 2018 16:06:33 INFO guoshui.py 1285 7796 18068 ('10298', 2017, '01', 18282900, 9, '10024417000001551650', '《城建税、教育费附加、地方教育附加税（费）申报表》', '城市维护建设税', '24.00', '网络申报', '2017-01-11', '2016-12-01', '2016-12-31', '{"0": "files/1516j9539M88c.png", "pdf数据": {"市区（增值税附征）": "24", "增值税地方教育附加": "6.86", "增值税教育费附加": "10.28"}, "1": "files/1W516953D99A2.pdf"}')
Fri 26 Jan 2018 16:06:33 INFO guoshui.py 1286 7796 18068 customerid:9地税城建税数据入库
Fri 26 Jan 2018 16:06:33 INFO guoshui.py 1288 7796 18068 customerid:9地税城建税数据入库完成
Fri 26 Jan 2018 16:06:33 INFO guoshui.py 1309 7796 18068 customerid:9截取地税申报信息已完成
Fri 26 Jan 2018 16:06:34 WARNING guoshui.py 633 7796 18068 Message: {"errorMessage":"Element is not currently visible and may not be manipulated","request":{"headers":{"Accept":"application/json","Accept-Encoding":"identity","Connection":"close","Content-Length":"81","Content-Type":"application/json;charset=UTF-8","Host":"127.0.0.1:9790","User-Agent":"Python http auth"},"httpVersion":"1.1","method":"POST","post":"{\"id\": \":wdc:1516953993817\", \"sessionId\": \"ad771c90-026f-11e8-8ce0-c5fadcf88566\"}","url":"/click","urlParsed":{"anchor":"","query":"","file":"click","directory":"/","path":"/click","relative":"/click","port":"","host":"","password":"","user":"","userInfo":"","authority":"","protocol":"","source":"/click","queryKey":{},"chunks":["click"]},"urlOriginal":"/session/ad771c90-026f-11e8-8ce0-c5fadcf88566/element/:wdc:1516953993817/click"}}
Screenshot: available via screen

Fri 26 Jan 2018 16:06:34 WARNING guoshui.py 1535 7796 18068 Message: {"errorMessage":"Unable to switch to window (closed?)","request":{"headers":{"Accept":"application/json","Accept-Encoding":"identity","Connection":"close","Content-Length":"101","Content-Type":"application/json;charset=UTF-8","Host":"127.0.0.1:9790","User-Agent":"Python http auth"},"httpVersion":"1.1","method":"POST","post":"{\"name\": \"c5860440-026f-11e8-8ce0-c5fadcf88566\", \"sessionId\": \"ad771c90-026f-11e8-8ce0-c5fadcf88566\"}","url":"/window","urlParsed":{"anchor":"","query":"","file":"window","directory":"/","path":"/window","relative":"/window","port":"","host":"","password":"","user":"","userInfo":"","authority":"","protocol":"","source":"/window","queryKey":{},"chunks":["window"]},"urlOriginal":"/session/ad771c90-026f-11e8-8ce0-c5fadcf88566/window"}}
Screenshot: available via screen

Fri 26 Jan 2018 16:06:34 INFO tasks_sz.py 38 7796 18068 something wrong during crawling
Fri 26 Jan 2018 16:06:34 WARNING tasks_sz.py 39 7796 18068 (515, b"Cannot insert the value NULL into column 'valuetype', table '@hierarchy'; column does not allow nulls. INSERT fails.DB-Lib error message 20018, severity 16:\nGeneral SQL Server error: Check messages from the SQL Server\n")
Fri 26 Jan 2018 16:12:03 INFO guoshui.py 230 20840 7544 customerid:9,开始尝试登陆
Fri 26 Jan 2018 16:12:03 INFO guoshui.py 240 20840 7544 未传代理参数，启用本机IP
Fri 26 Jan 2018 16:12:05 INFO guoshui.py 266 20840 7544 customerid:9，获取验证码为：None
Fri 26 Jan 2018 16:12:05 INFO guoshui.py 230 20840 7544 customerid:9,开始尝试登陆
Fri 26 Jan 2018 16:12:05 INFO guoshui.py 240 20840 7544 未传代理参数，启用本机IP
Fri 26 Jan 2018 16:12:06 INFO guoshui.py 266 20840 7544 customerid:9，获取验证码为：None
Fri 26 Jan 2018 16:12:06 INFO guoshui.py 230 20840 7544 customerid:9,开始尝试登陆
Fri 26 Jan 2018 16:12:06 INFO guoshui.py 240 20840 7544 未传代理参数，启用本机IP
Fri 26 Jan 2018 16:12:08 INFO guoshui.py 266 20840 7544 customerid:9，获取验证码为：[{"x":67,"y":65},{"x":217,"y":104},{"x":173,"y":19}]
Fri 26 Jan 2018 16:12:08 INFO guoshui.py 270 20840 7544 customerid:9，验证验证码[{"x":67,"y":65},{"x":217,"y":104},{"x":173,"y":19}]
Fri 26 Jan 2018 16:12:08 INFO guoshui.py 278 20840 7544 customerid:9,成功post数据
Fri 26 Jan 2018 16:12:08 INFO guoshui.py 285 20840 7544 customerid:9pass
Fri 26 Jan 2018 16:12:08 INFO guoshui.py 1457 20840 7544 customerid:9获取cookies
Fri 26 Jan 2018 16:12:19 INFO guoshui.py 380 20840 7544 customerid:9截取国税增值税申报信息
Fri 26 Jan 2018 16:12:21 INFO guoshui.py 469 20840 7544 ['1', '《增值税纳税申报表（一般纳税人适用）》', '2017-01-11', '2016-12-01', '2016-12-31', '申报成功', '342.79', '缴款']
Fri 26 Jan 2018 16:12:21 INFO guoshui.py 470 20840 7544 customerid:9开始插入数据库
Fri 26 Jan 2018 16:12:21 INFO guoshui.py 477 20840 7544 ('10298', 2017, '01', 18282900, 9, '《增值税纳税申报表（一般纳税人适用）》', '2017-01-11', '2016-12-01', '2016-12-31', '申报成功', '342.79', '{"0": "files/151695s4341R.png"}')
Fri 26 Jan 2018 16:12:22 INFO guoshui.py 479 20840 7544 customerid:9数据库插入完成
Fri 26 Jan 2018 16:12:22 INFO guoshui.py 480 20840 7544 customerid:9截取国税申报信息已完成
Fri 26 Jan 2018 16:12:22 INFO guoshui.py 380 20840 7544 customerid:9截取国税财务报表申报信息
Fri 26 Jan 2018 16:12:24 INFO guoshui.py 480 20840 7544 customerid:9截取国税申报信息已完成
Fri 26 Jan 2018 16:12:24 INFO guoshui.py 380 20840 7544 customerid:9截取国税所得税申报信息
Fri 26 Jan 2018 16:12:27 INFO guoshui.py 469 20840 7544 ['1', '《中华人民共和国企业所得税月（季）度预缴纳税申报表（A类，2015年版）》', '2017-01-11', '2016-10-01', '2016-12-31', '申报成功', '104.69', '缴款']
Fri 26 Jan 2018 16:12:27 INFO guoshui.py 470 20840 7544 customerid:9开始插入数据库
Fri 26 Jan 2018 16:12:27 INFO guoshui.py 477 20840 7544 ('10298', 2017, '01', 18282900, 9, '《中华人民共和国企业所得税月（季）度预缴纳税申报表（A类，2015年版）》', '2017-01-11', '2016-10-01', '2016-12-31', '申报成功', '104.69', '{"0": "files/151U6954a347.png"}')
Fri 26 Jan 2018 16:12:27 INFO guoshui.py 479 20840 7544 customerid:9数据库插入完成
Fri 26 Jan 2018 16:12:27 INFO guoshui.py 480 20840 7544 customerid:9截取国税申报信息已完成
Fri 26 Jan 2018 16:12:27 INFO guoshui.py 522 20840 7544 customerid:9截取国税缴款信息
Fri 26 Jan 2018 16:12:38 INFO guoshui.py 583 20840 7544 Message: {"errorMessage":"Unable to find element with css selector '#mini-37 .mini-button-text'","request":{"headers":{"Accept":"application/json","Accept-Encoding":"identity","Connection":"close","Content-Length":"117","Content-Type":"application/json;charset=UTF-8","Host":"127.0.0.1:11042","User-Agent":"Python http auth"},"httpVersion":"1.1","method":"POST","post":"{\"value\": \"#mini-37 .mini-button-text\", \"sessionId\": \"9d6e89e0-0270-11e8-a135-957ebf6df80b\", \"using\": \"css selector\"}","url":"/element","urlParsed":{"anchor":"","query":"","file":"element","directory":"/","path":"/element","relative":"/element","port":"","host":"","password":"","user":"","userInfo":"","authority":"","protocol":"","source":"/element","queryKey":{},"chunks":["element"]},"urlOriginal":"/session/9d6e89e0-0270-11e8-a135-957ebf6df80b/element"}}
Screenshot: available via screen

Fri 26 Jan 2018 16:12:41 WARNING guoshui.py 600 20840 7544 ['1', '2016-12-01', '2016-12-31', '增值税', '信息系统服务', '2017-01-11', '未知种类', '2017-01-17', '2017-01-11', '342.79']
Fri 26 Jan 2018 16:12:41 INFO guoshui.py 607 20840 7544 ('10298', 2017, '01', 18282900, 9, '2016-12-01', '2016-12-31', '增值税', '信息系统服务', '2017-01-11', '未知种类', '2017-01-17', '2017-01-11', '342.79', '{"0": "files/1G5D1695A4361.png"}')
Fri 26 Jan 2018 16:12:41 WARNING guoshui.py 600 20840 7544 ['2', '2016-10-01', '2016-12-31', '企业所得税', '应纳税所得额', '2017-01-11', '未知种类', '2017-01-17', '2017-01-11', '104.69']
Fri 26 Jan 2018 16:12:41 INFO guoshui.py 607 20840 7544 ('10298', 2017, '01', 18282900, 9, '2016-10-01', '2016-12-31', '企业所得税', '应纳税所得额', '2017-01-11', '未知种类', '2017-01-17', '2017-01-11', '104.69', '{"0": "files/1G5D1695A4361.png"}')
Fri 26 Jan 2018 16:12:41 INFO guoshui.py 609 20840 7544 customerid:9截取国税缴款信息已完成
Fri 26 Jan 2018 16:13:03 INFO guoshui.py 617 20840 7544 customerid:9开始登录地税
Fri 26 Jan 2018 16:13:20 INFO guoshui.py 648 20840 7544 customerid:9截取地税申报信息
Fri 26 Jan 2018 16:13:30 INFO guoshui.py 1084 20840 7544 customerid:9地税个人所得税信息查询
Fri 26 Jan 2018 16:13:33 INFO guoshui.py 1133 20840 7544 ('10298', 2017, '01', 18282900, 9, '10024417000002910094', '《扣缴个人所得税报告表》', None, '0.00', '', '2017-01-15', '', '', '{"0": "files/151e695o4409.png"}')
Fri 26 Jan 2018 16:13:33 INFO guoshui.py 1134 20840 7544 customerid:9地税个人所得税数据入库
Fri 26 Jan 2018 16:13:33 INFO guoshui.py 1136 20840 7544 customerid:9地税个人所得税数据入库完成
Fri 26 Jan 2018 16:13:35 INFO guoshui.py 1156 20840 7544 customerid:9地税企业所得税查询
Fri 26 Jan 2018 16:13:38 INFO guoshui.py 1227 20840 7544 customerid:9地税城建税
Fri 26 Jan 2018 16:13:42 INFO guoshui.py 1285 20840 7544 ('10298', 2017, '01', 18282900, 9, '10024417000001551650', '《城建税、教育费附加、地方教育附加税（费）申报表》', '城市维护建设税', '24.00', '网络申报', '2017-01-11', '2016-12-01', '2016-12-31', '{"1": "files/15s16954m4G21.pdf", "0": "files/1z516954m4M17.png", "pdf数据": {"增值税地方教育附加": "6.86", "增值税教育费附加": "10.28", "市区（增值税附征）": "24"}}')
Fri 26 Jan 2018 16:13:42 INFO guoshui.py 1286 20840 7544 customerid:9地税城建税数据入库
Fri 26 Jan 2018 16:13:42 INFO guoshui.py 1288 20840 7544 customerid:9地税城建税数据入库完成
Fri 26 Jan 2018 16:13:42 INFO guoshui.py 1309 20840 7544 customerid:9截取地税申报信息已完成
Fri 26 Jan 2018 16:15:15 INFO guoshui.py 1408 20840 7544 ('10298', 2017, '01', 18282900, 9, '320170111000009737', '10024417000001551650', '城建税、教育费附加、地方教育附加税（费）申报', '2016-12-01', '2016-12-31', '2017-01-17', '2017-01-11', '24.00', '{"1": "files/15169aj54514.png", "0": "files/15169D54s47l5.png", "缴款数据": {"市区（增值税附征）": "24"}}')
Fri 26 Jan 2018 16:15:15 INFO guoshui.py 1410 20840 7544 customerid:9截取地税缴款信息已完成
Fri 26 Jan 2018 16:15:23 INFO guoshui.py 1532 20840 7544 customerid:9全部爬取完成
Fri 26 Jan 2018 16:16:03 INFO guoshui.py 230 1260 4556 customerid:9,开始尝试登陆
Fri 26 Jan 2018 16:16:03 INFO guoshui.py 240 1260 4556 未传代理参数，启用本机IP
Fri 26 Jan 2018 16:16:04 INFO guoshui.py 266 1260 4556 customerid:9，获取验证码为：None
Fri 26 Jan 2018 16:16:04 INFO guoshui.py 230 1260 4556 customerid:9,开始尝试登陆
Fri 26 Jan 2018 16:16:04 INFO guoshui.py 240 1260 4556 未传代理参数，启用本机IP
Fri 26 Jan 2018 16:16:06 INFO guoshui.py 266 1260 4556 customerid:9，获取验证码为：[{"x":65,"y":48},{"x":20,"y":67},{"x":170,"y":85}]
Fri 26 Jan 2018 16:16:06 INFO guoshui.py 270 1260 4556 customerid:9，验证验证码[{"x":65,"y":48},{"x":20,"y":67},{"x":170,"y":85}]
Fri 26 Jan 2018 16:16:06 INFO guoshui.py 278 1260 4556 customerid:9,成功post数据
Fri 26 Jan 2018 16:16:06 INFO guoshui.py 285 1260 4556 customerid:9pass
Fri 26 Jan 2018 16:16:06 INFO guoshui.py 1458 1260 4556 customerid:9获取cookies
Fri 26 Jan 2018 16:16:17 INFO guoshui.py 380 1260 4556 customerid:9截取国税增值税申报信息
Fri 26 Jan 2018 16:16:20 INFO guoshui.py 469 1260 4556 ['1', '《增值税纳税申报表（一般纳税人适用）》', '2017-01-11', '2016-12-01', '2016-12-31', '申报成功', '342.79', '缴款']
Fri 26 Jan 2018 16:16:20 INFO guoshui.py 470 1260 4556 customerid:9开始插入数据库
Fri 26 Jan 2018 16:16:20 INFO guoshui.py 477 1260 4556 ('10298', 2017, '01', 18282900, 9, '《增值税纳税申报表（一般纳税人适用）》', '2017-01-11', '2016-12-01', '2016-12-31', '申报成功', '342.79', '{"0": "files/1s5169H54579e.png"}')
Fri 26 Jan 2018 16:16:20 INFO guoshui.py 479 1260 4556 customerid:9数据库插入完成
Fri 26 Jan 2018 16:16:20 INFO guoshui.py 480 1260 4556 customerid:9截取国税申报信息已完成
Fri 26 Jan 2018 16:16:20 INFO guoshui.py 380 1260 4556 customerid:9截取国税财务报表申报信息
Fri 26 Jan 2018 16:16:23 INFO guoshui.py 480 1260 4556 customerid:9截取国税申报信息已完成
Fri 26 Jan 2018 16:16:23 INFO guoshui.py 380 1260 4556 customerid:9截取国税所得税申报信息
Fri 26 Jan 2018 16:16:26 INFO guoshui.py 469 1260 4556 ['1', '《中华人民共和国企业所得税月（季）度预缴纳税申报表（A类，2015年版）》', '2017-01-11', '2016-10-01', '2016-12-31', '申报成功', '104.69', '缴款']
Fri 26 Jan 2018 16:16:26 INFO guoshui.py 470 1260 4556 customerid:9开始插入数据库
Fri 26 Jan 2018 16:16:26 INFO guoshui.py 477 1260 4556 ('10298', 2017, '01', 18282900, 9, '《中华人民共和国企业所得税月（季）度预缴纳税申报表（A类，2015年版）》', '2017-01-11', '2016-10-01', '2016-12-31', '申报成功', '104.69', '{"0": "files/1Hl516954M585.png"}')
Fri 26 Jan 2018 16:16:26 INFO guoshui.py 479 1260 4556 customerid:9数据库插入完成
Fri 26 Jan 2018 16:16:26 INFO guoshui.py 480 1260 4556 customerid:9截取国税申报信息已完成
Fri 26 Jan 2018 16:16:26 INFO guoshui.py 522 1260 4556 customerid:9截取国税缴款信息
Fri 26 Jan 2018 16:16:36 INFO guoshui.py 583 1260 4556 Message: {"errorMessage":"Unable to find element with css selector '#mini-37 .mini-button-text'","request":{"headers":{"Accept":"application/json","Accept-Encoding":"identity","Connection":"close","Content-Length":"117","Content-Type":"application/json;charset=UTF-8","Host":"127.0.0.1:11815","User-Agent":"Python http auth"},"httpVersion":"1.1","method":"POST","post":"{\"using\": \"css selector\", \"value\": \"#mini-37 .mini-button-text\", \"sessionId\": \"2b5d87b0-0271-11e8-b0da-db92af512587\"}","url":"/element","urlParsed":{"anchor":"","query":"","file":"element","directory":"/","path":"/element","relative":"/element","port":"","host":"","password":"","user":"","userInfo":"","authority":"","protocol":"","source":"/element","queryKey":{},"chunks":["element"]},"urlOriginal":"/session/2b5d87b0-0271-11e8-b0da-db92af512587/element"}}
Screenshot: available via screen

Fri 26 Jan 2018 16:16:40 WARNING guoshui.py 600 1260 4556 ['1', '2016-12-01', '2016-12-31', '增值税', '信息系统服务', '2017-01-11', '未知种类', '2017-01-17', '2017-01-11', '342.79']
Fri 26 Jan 2018 16:16:40 INFO guoshui.py 607 1260 4556 ('10298', 2017, '01', 18282900, 9, '2016-12-01', '2016-12-31', '增值税', '信息系统服务', '2017-01-11', '未知种类', '2017-01-17', '2017-01-11', '342.79', '{"0": "files/151A6j954599M.png"}')
Fri 26 Jan 2018 16:16:40 WARNING guoshui.py 600 1260 4556 ['2', '2016-10-01', '2016-12-31', '企业所得税', '应纳税所得额', '2017-01-11', '未知种类', '2017-01-17', '2017-01-11', '104.69']
Fri 26 Jan 2018 16:16:40 INFO guoshui.py 607 1260 4556 ('10298', 2017, '01', 18282900, 9, '2016-10-01', '2016-12-31', '企业所得税', '应纳税所得额', '2017-01-11', '未知种类', '2017-01-17', '2017-01-11', '104.69', '{"0": "files/151A6j954599M.png"}')
Fri 26 Jan 2018 16:16:40 INFO guoshui.py 609 1260 4556 customerid:9截取国税缴款信息已完成
Fri 26 Jan 2018 16:16:40 INFO guoshui.py 617 1260 4556 customerid:9开始登录地税
Fri 26 Jan 2018 16:16:51 INFO guoshui.py 648 1260 4556 customerid:9截取地税申报信息
Fri 26 Jan 2018 16:17:02 INFO guoshui.py 1084 1260 4556 customerid:9地税个人所得税信息查询
Fri 26 Jan 2018 16:17:04 INFO guoshui.py 1133 1260 4556 ('10298', 2017, '01', 18282900, 9, '10024417000002910094', '《扣缴个人所得税报告表》', None, '0.00', '', '2017-01-15', '', '', '{"0": "files/1516z9m5m4621.png"}')
Fri 26 Jan 2018 16:17:04 INFO guoshui.py 1134 1260 4556 customerid:9地税个人所得税数据入库
Fri 26 Jan 2018 16:17:04 INFO guoshui.py 1136 1260 4556 customerid:9地税个人所得税数据入库完成
Fri 26 Jan 2018 16:17:07 INFO guoshui.py 1156 1260 4556 customerid:9地税企业所得税查询
Fri 26 Jan 2018 16:17:10 INFO guoshui.py 1227 1260 4556 customerid:9地税城建税
Fri 26 Jan 2018 16:17:14 INFO guoshui.py 1285 1260 4556 ('10298', 2017, '01', 18282900, 9, '10024417000001551650', '《城建税、教育费附加、地方教育附加税（费）申报表》', '城市维护建设税', '24.00', '网络申报', '2017-01-11', '2016-12-01', '2016-12-31', '{"pdf数据": {"市区（增值税附征）": "24", "增值税教育费附加": "10.28", "增值税地方教育附加": "6.86"}, "0": "files/15A1695462M9z.png", "1": "files/1H516954m63v3.pdf"}')
Fri 26 Jan 2018 16:17:14 INFO guoshui.py 1286 1260 4556 customerid:9地税城建税数据入库
Fri 26 Jan 2018 16:17:14 INFO guoshui.py 1288 1260 4556 customerid:9地税城建税数据入库完成
Fri 26 Jan 2018 16:17:14 INFO guoshui.py 1309 1260 4556 customerid:9截取地税申报信息已完成
Fri 26 Jan 2018 16:17:26 INFO guoshui.py 1409 1260 4556 ('10298', 2017, '01', 18282900, 9, '320170111000009737', '10024417000001551650', '城建税、教育费附加、地方教育附加税（费）申报', '2016-12-01', '2016-12-31', '2017-01-17', '2017-01-11', '24.00', '{"0": "files/151U695G464v0.png", "缴款数据": {"市区（增值税附征）": "24"}, "1": "files/15H1H6954645G.png"}')
Fri 26 Jan 2018 16:17:26 INFO guoshui.py 1411 1260 4556 customerid:9截取地税缴款信息已完成
Fri 26 Jan 2018 16:17:29 INFO guoshui.py 1533 1260 4556 customerid:9全部爬取完成
Fri 26 Jan 2018 16:17:31 INFO guoshui.py 230 1260 4556 customerid:9,开始尝试登陆
Fri 26 Jan 2018 16:17:31 INFO guoshui.py 240 1260 4556 未传代理参数，启用本机IP
Fri 26 Jan 2018 16:17:33 INFO guoshui.py 266 1260 4556 customerid:9，获取验证码为：[{"x":19,"y":88},{"x":272,"y":71},{"x":217,"y":105}]
Fri 26 Jan 2018 16:17:33 INFO guoshui.py 270 1260 4556 customerid:9，验证验证码[{"x":19,"y":88},{"x":272,"y":71},{"x":217,"y":105}]
Fri 26 Jan 2018 16:17:33 INFO guoshui.py 278 1260 4556 customerid:9,成功post数据
Fri 26 Jan 2018 16:17:33 INFO guoshui.py 285 1260 4556 customerid:9pass
Fri 26 Jan 2018 16:17:33 INFO guoshui.py 1458 1260 4556 customerid:9获取cookies
Fri 26 Jan 2018 16:17:41 INFO guoshui.py 380 1260 4556 customerid:9截取国税增值税申报信息
Fri 26 Jan 2018 16:17:44 INFO guoshui.py 469 1260 4556 ['1', '《增值税纳税申报表（一般纳税人适用）》', '2017-01-11', '2016-12-01', '2016-12-31', '申报成功', '342.79', '缴款']
Fri 26 Jan 2018 16:17:44 INFO guoshui.py 470 1260 4556 customerid:9开始插入数据库
Fri 26 Jan 2018 16:17:44 INFO guoshui.py 477 1260 4556 ('10298', 2017, '01', 18282900, 9, '《增值税纳税申报表（一般纳税人适用）》', '2017-01-11', '2016-12-01', '2016-12-31', '申报成功', '342.79', '{"0": "files/1516l954A66M3.png"}')
Fri 26 Jan 2018 16:17:44 INFO guoshui.py 479 1260 4556 customerid:9数据库插入完成
Fri 26 Jan 2018 16:17:44 INFO guoshui.py 480 1260 4556 customerid:9截取国税申报信息已完成
Fri 26 Jan 2018 16:17:44 INFO guoshui.py 380 1260 4556 customerid:9截取国税财务报表申报信息
Fri 26 Jan 2018 16:17:47 INFO guoshui.py 480 1260 4556 customerid:9截取国税申报信息已完成
Fri 26 Jan 2018 16:17:47 INFO guoshui.py 380 1260 4556 customerid:9截取国税所得税申报信息
Fri 26 Jan 2018 16:17:50 INFO guoshui.py 469 1260 4556 ['1', '《中华人民共和国企业所得税月（季）度预缴纳税申报表（A类，2015年版）》', '2017-01-11', '2016-10-01', '2016-12-31', '申报成功', '104.69', '缴款']
Fri 26 Jan 2018 16:17:50 INFO guoshui.py 470 1260 4556 customerid:9开始插入数据库
Fri 26 Jan 2018 16:17:50 INFO guoshui.py 477 1260 4556 ('10298', 2017, '01', 18282900, 9, '《中华人民共和国企业所得税月（季）度预缴纳税申报表（A类，2015年版）》', '2017-01-11', '2016-10-01', '2016-12-31', '申报成功', '104.69', '{"0": "files/1516L954G6A69.png"}')
Fri 26 Jan 2018 16:17:50 INFO guoshui.py 479 1260 4556 customerid:9数据库插入完成
Fri 26 Jan 2018 16:17:50 INFO guoshui.py 480 1260 4556 customerid:9截取国税申报信息已完成
Fri 26 Jan 2018 16:17:50 INFO guoshui.py 522 1260 4556 customerid:9截取国税缴款信息
Fri 26 Jan 2018 16:18:00 INFO guoshui.py 583 1260 4556 Message: {"errorMessage":"Unable to find element with css selector '#mini-37 .mini-button-text'","request":{"headers":{"Accept":"application/json","Accept-Encoding":"identity","Connection":"close","Content-Length":"117","Content-Type":"application/json;charset=UTF-8","Host":"127.0.0.1:12324","User-Agent":"Python http auth"},"httpVersion":"1.1","method":"POST","post":"{\"using\": \"css selector\", \"value\": \"#mini-37 .mini-button-text\", \"sessionId\": \"5dba98b0-0271-11e8-8e6c-5fb42aac01a4\"}","url":"/element","urlParsed":{"anchor":"","query":"","file":"element","directory":"/","path":"/element","relative":"/element","port":"","host":"","password":"","user":"","userInfo":"","authority":"","protocol":"","source":"/element","queryKey":{},"chunks":["element"]},"urlOriginal":"/session/5dba98b0-0271-11e8-8e6c-5fb42aac01a4/element"}}
Screenshot: available via screen

Fri 26 Jan 2018 16:18:04 WARNING guoshui.py 600 1260 4556 ['1', '2016-12-01', '2016-12-31', '增值税', '信息系统服务', '2017-01-11', '未知种类', '2017-01-17', '2017-01-11', '342.79']
Fri 26 Jan 2018 16:18:04 INFO guoshui.py 607 1260 4556 ('10298', 2017, '01', 18282900, 9, '2016-12-01', '2016-12-31', '增值税', '信息系统服务', '2017-01-11', '未知种类', '2017-01-17', '2017-01-11', '342.79', '{"0": "files/15169546A8lG3.png"}')
Fri 26 Jan 2018 16:18:04 WARNING guoshui.py 600 1260 4556 ['2', '2016-10-01', '2016-12-31', '企业所得税', '应纳税所得额', '2017-01-11', '未知种类', '2017-01-17', '2017-01-11', '104.69']
Fri 26 Jan 2018 16:18:04 INFO guoshui.py 607 1260 4556 ('10298', 2017, '01', 18282900, 9, '2016-10-01', '2016-12-31', '企业所得税', '应纳税所得额', '2017-01-11', '未知种类', '2017-01-17', '2017-01-11', '104.69', '{"0": "files/15169546A8lG3.png"}')
Fri 26 Jan 2018 16:18:04 INFO guoshui.py 609 1260 4556 customerid:9截取国税缴款信息已完成
Fri 26 Jan 2018 16:18:04 INFO guoshui.py 617 1260 4556 customerid:9开始登录地税
Fri 26 Jan 2018 16:18:15 INFO guoshui.py 648 1260 4556 customerid:9截取地税申报信息
Fri 26 Jan 2018 16:18:25 INFO guoshui.py 1084 1260 4556 customerid:9地税个人所得税信息查询
Fri 26 Jan 2018 16:18:28 INFO guoshui.py 1133 1260 4556 ('10298', 2017, '01', 18282900, 9, '10024417000002910094', '《扣缴个人所得税报告表》', None, '0.00', '', '2017-01-15', '', '', '{"0": "files/1516W954s705R.png"}')
Fri 26 Jan 2018 16:18:28 INFO guoshui.py 1134 1260 4556 customerid:9地税个人所得税数据入库
Fri 26 Jan 2018 16:18:28 INFO guoshui.py 1136 1260 4556 customerid:9地税个人所得税数据入库完成
Fri 26 Jan 2018 16:18:31 INFO guoshui.py 1156 1260 4556 customerid:9地税企业所得税查询
Fri 26 Jan 2018 16:18:33 INFO guoshui.py 1227 1260 4556 customerid:9地税城建税
Fri 26 Jan 2018 16:18:37 INFO guoshui.py 1285 1260 4556 ('10298', 2017, '01', 18282900, 9, '10024417000001551650', '《城建税、教育费附加、地方教育附加税（费）申报表》', '城市维护建设税', '24.00', '网络申报', '2017-01-11', '2016-12-01', '2016-12-31', '{"pdf数据": {"市区（增值税附征）": "24", "增值税教育费附加": "10.28", "增值税地方教育附加": "6.86"}, "0": "files/1Xe516954R713.png", "1": "files/151695471s7.pdf"}')
Fri 26 Jan 2018 16:18:37 INFO guoshui.py 1286 1260 4556 customerid:9地税城建税数据入库
Fri 26 Jan 2018 16:18:37 INFO guoshui.py 1288 1260 4556 customerid:9地税城建税数据入库完成
Fri 26 Jan 2018 16:18:37 INFO guoshui.py 1309 1260 4556 customerid:9截取地税申报信息已完成
Fri 26 Jan 2018 16:18:50 INFO guoshui.py 1409 1260 4556 ('10298', 2017, '01', 18282900, 9, '320170111000009737', '10024417000001551650', '城建税、教育费附加、地方教育附加税（费）申报', '2016-12-01', '2016-12-31', '2017-01-17', '2017-01-11', '24.00', '{"0": "files/15c1j6954723.png", "缴款数据": {"市区（增值税附征）": "24"}, "1": "files/1516m9U54M728.png"}')
Fri 26 Jan 2018 16:18:50 INFO guoshui.py 1411 1260 4556 customerid:9截取地税缴款信息已完成
Fri 26 Jan 2018 16:18:53 INFO guoshui.py 1533 1260 4556 customerid:9全部爬取完成
Fri 26 Jan 2018 16:18:55 INFO guoshui.py 230 1260 4556 customerid:9,开始尝试登陆
Fri 26 Jan 2018 16:18:55 INFO guoshui.py 240 1260 4556 未传代理参数，启用本机IP
Fri 26 Jan 2018 16:18:56 INFO guoshui.py 266 1260 4556 customerid:9，获取验证码为：[{"x":117,"y":80},{"x":171,"y":100},{"x":272,"y":56}]
Fri 26 Jan 2018 16:18:56 INFO guoshui.py 270 1260 4556 customerid:9，验证验证码[{"x":117,"y":80},{"x":171,"y":100},{"x":272,"y":56}]
Fri 26 Jan 2018 16:18:57 INFO guoshui.py 278 1260 4556 customerid:9,成功post数据
Fri 26 Jan 2018 16:18:57 INFO guoshui.py 285 1260 4556 customerid:9pass
Fri 26 Jan 2018 16:18:57 INFO guoshui.py 1458 1260 4556 customerid:9获取cookies
Fri 26 Jan 2018 16:19:05 INFO guoshui.py 380 1260 4556 customerid:9截取国税增值税申报信息
Fri 26 Jan 2018 16:19:08 INFO guoshui.py 469 1260 4556 ['1', '《增值税纳税申报表（一般纳税人适用）》', '2017-01-11', '2016-12-01', '2016-12-31', '申报成功', '342.79', '缴款']
Fri 26 Jan 2018 16:19:08 INFO guoshui.py 470 1260 4556 customerid:9开始插入数据库
Fri 26 Jan 2018 16:19:08 INFO guoshui.py 477 1260 4556 ('10298', 2017, '01', 18282900, 9, '《增值税纳税申报表（一般纳税人适用）》', '2017-01-11', '2016-12-01', '2016-12-31', '申报成功', '342.79', '{"0": "files/1v516U9547l47.png"}')
Fri 26 Jan 2018 16:19:08 INFO guoshui.py 479 1260 4556 customerid:9数据库插入完成
Fri 26 Jan 2018 16:19:08 INFO guoshui.py 480 1260 4556 customerid:9截取国税申报信息已完成
Fri 26 Jan 2018 16:19:08 INFO guoshui.py 380 1260 4556 customerid:9截取国税财务报表申报信息
Fri 26 Jan 2018 16:19:10 INFO guoshui.py 480 1260 4556 customerid:9截取国税申报信息已完成
Fri 26 Jan 2018 16:19:10 INFO guoshui.py 380 1260 4556 customerid:9截取国税所得税申报信息
Fri 26 Jan 2018 16:19:13 INFO guoshui.py 469 1260 4556 ['1', '《中华人民共和国企业所得税月（季）度预缴纳税申报表（A类，2015年版）》', '2017-01-11', '2016-10-01', '2016-12-31', '申报成功', '104.69', '缴款']
Fri 26 Jan 2018 16:19:13 INFO guoshui.py 470 1260 4556 customerid:9开始插入数据库
Fri 26 Jan 2018 16:19:13 INFO guoshui.py 477 1260 4556 ('10298', 2017, '01', 18282900, 9, '《中华人民共和国企业所得税月（季）度预缴纳税申报表（A类，2015年版）》', '2017-01-11', '2016-10-01', '2016-12-31', '申报成功', '104.69', '{"0": "files/15169A5475e3v.png"}')
Fri 26 Jan 2018 16:19:13 INFO guoshui.py 479 1260 4556 customerid:9数据库插入完成
Fri 26 Jan 2018 16:19:13 INFO guoshui.py 480 1260 4556 customerid:9截取国税申报信息已完成
Fri 26 Jan 2018 16:19:13 INFO guoshui.py 522 1260 4556 customerid:9截取国税缴款信息
Fri 26 Jan 2018 16:19:24 INFO guoshui.py 583 1260 4556 Message: {"errorMessage":"Unable to find element with css selector '#mini-37 .mini-button-text'","request":{"headers":{"Accept":"application/json","Accept-Encoding":"identity","Connection":"close","Content-Length":"117","Content-Type":"application/json;charset=UTF-8","Host":"127.0.0.1:12818","User-Agent":"Python http auth"},"httpVersion":"1.1","method":"POST","post":"{\"using\": \"css selector\", \"value\": \"#mini-37 .mini-button-text\", \"sessionId\": \"8f78aa90-0271-11e8-93f0-5de9451e3fb1\"}","url":"/element","urlParsed":{"anchor":"","query":"","file":"element","directory":"/","path":"/element","relative":"/element","port":"","host":"","password":"","user":"","userInfo":"","authority":"","protocol":"","source":"/element","queryKey":{},"chunks":["element"]},"urlOriginal":"/session/8f78aa90-0271-11e8-93f0-5de9451e3fb1/element"}}
Screenshot: available via screen

Fri 26 Jan 2018 16:19:27 WARNING guoshui.py 600 1260 4556 ['1', '2016-12-01', '2016-12-31', '增值税', '信息系统服务', '2017-01-11', '未知种类', '2017-01-17', '2017-01-11', '342.79']
Fri 26 Jan 2018 16:19:27 INFO guoshui.py 607 1260 4556 ('10298', 2017, '01', 18282900, 9, '2016-12-01', '2016-12-31', '增值税', '信息系统服务', '2017-01-11', '未知种类', '2017-01-17', '2017-01-11', '342.79', '{"0": "files/151695X4a7R67.png"}')
Fri 26 Jan 2018 16:19:27 WARNING guoshui.py 600 1260 4556 ['2', '2016-10-01', '2016-12-31', '企业所得税', '应纳税所得额', '2017-01-11', '未知种类', '2017-01-17', '2017-01-11', '104.69']
Fri 26 Jan 2018 16:19:27 INFO guoshui.py 607 1260 4556 ('10298', 2017, '01', 18282900, 9, '2016-10-01', '2016-12-31', '企业所得税', '应纳税所得额', '2017-01-11', '未知种类', '2017-01-17', '2017-01-11', '104.69', '{"0": "files/151695X4a7R67.png"}')
Fri 26 Jan 2018 16:19:27 INFO guoshui.py 609 1260 4556 customerid:9截取国税缴款信息已完成
Fri 26 Jan 2018 16:19:28 INFO guoshui.py 617 1260 4556 customerid:9开始登录地税
Fri 26 Jan 2018 16:19:39 INFO guoshui.py 648 1260 4556 customerid:9截取地税申报信息
Fri 26 Jan 2018 16:19:49 INFO guoshui.py 1084 1260 4556 customerid:9地税个人所得税信息查询
Fri 26 Jan 2018 16:19:51 INFO guoshui.py 1133 1260 4556 ('10298', 2017, '01', 18282900, 9, '10024417000002910094', '《扣缴个人所得税报告表》', None, '0.00', '', '2017-01-15', '', '', '{"0": "files/15M16m95478v8.png"}')
Fri 26 Jan 2018 16:19:51 INFO guoshui.py 1134 1260 4556 customerid:9地税个人所得税数据入库
Fri 26 Jan 2018 16:19:52 INFO guoshui.py 1136 1260 4556 customerid:9地税个人所得税数据入库完成
Fri 26 Jan 2018 16:19:54 INFO guoshui.py 1156 1260 4556 customerid:9地税企业所得税查询
Fri 26 Jan 2018 16:19:57 INFO guoshui.py 1227 1260 4556 customerid:9地税城建税
Fri 26 Jan 2018 16:20:01 INFO guoshui.py 1285 1260 4556 ('10298', 2017, '01', 18282900, 9, '10024417000001551650', '《城建税、教育费附加、地方教育附加税（费）申报表》', '城市维护建设税', '24.00', '网络申报', '2017-01-11', '2016-12-01', '2016-12-31', '{"pdf数据": {"市区（增值税附征）": "24", "增值税教育费附加": "10.28", "增值税地方教育附加": "6.86"}, "0": "files/151695GM479A6.png", "1": "files/15X169A548z00.pdf"}')
Fri 26 Jan 2018 16:20:01 INFO guoshui.py 1286 1260 4556 customerid:9地税城建税数据入库
Fri 26 Jan 2018 16:20:01 INFO guoshui.py 1288 1260 4556 customerid:9地税城建税数据入库完成
Fri 26 Jan 2018 16:20:01 INFO guoshui.py 1309 1260 4556 customerid:9截取地税申报信息已完成
Fri 26 Jan 2018 16:20:13 INFO guoshui.py 1409 1260 4556 ('10298', 2017, '01', 18282900, 9, '320170111000009737', '10024417000001551650', '城建税、教育费附加、地方教育附加税（费）申报', '2016-12-01', '2016-12-31', '2017-01-17', '2017-01-11', '24.00', '{"0": "files/151M69m5480l7.png", "缴款数据": {"市区（增值税附征）": "24"}, "1": "files/1HR51695M4812.png"}')
Fri 26 Jan 2018 16:20:14 INFO guoshui.py 1411 1260 4556 customerid:9截取地税缴款信息已完成
Fri 26 Jan 2018 16:20:16 INFO guoshui.py 1533 1260 4556 customerid:9全部爬取完成
Fri 26 Jan 2018 16:20:18 INFO guoshui.py 230 1260 4556 customerid:9,开始尝试登陆
Fri 26 Jan 2018 16:20:18 INFO guoshui.py 240 1260 4556 未传代理参数，启用本机IP
Fri 26 Jan 2018 16:20:20 INFO guoshui.py 266 1260 4556 customerid:9，获取验证码为：None
Fri 26 Jan 2018 16:20:20 INFO guoshui.py 230 1260 4556 customerid:9,开始尝试登陆
Fri 26 Jan 2018 16:20:20 INFO guoshui.py 240 1260 4556 未传代理参数，启用本机IP
Fri 26 Jan 2018 16:20:21 INFO guoshui.py 266 1260 4556 customerid:9，获取验证码为：[{"x":275,"y":35},{"x":220,"y":86},{"x":71,"y":70}]
Fri 26 Jan 2018 16:20:21 INFO guoshui.py 270 1260 4556 customerid:9，验证验证码[{"x":275,"y":35},{"x":220,"y":86},{"x":71,"y":70}]
Fri 26 Jan 2018 16:20:22 INFO guoshui.py 278 1260 4556 customerid:9,成功post数据
Fri 26 Jan 2018 16:20:22 INFO guoshui.py 285 1260 4556 customerid:9pass
Fri 26 Jan 2018 16:20:22 INFO guoshui.py 1458 1260 4556 customerid:9获取cookies
Fri 26 Jan 2018 16:20:30 INFO guoshui.py 380 1260 4556 customerid:9截取国税增值税申报信息
Fri 26 Jan 2018 16:20:33 INFO guoshui.py 469 1260 4556 ['1', '《增值税纳税申报表（一般纳税人适用）》', '2017-01-11', '2016-12-01', '2016-12-31', '申报成功', '342.79', '缴款']
Fri 26 Jan 2018 16:20:33 INFO guoshui.py 470 1260 4556 customerid:9开始插入数据库
Fri 26 Jan 2018 16:20:33 INFO guoshui.py 477 1260 4556 ('10298', 2017, '01', 18282900, 9, '《增值税纳税申报表（一般纳税人适用）》', '2017-01-11', '2016-12-01', '2016-12-31', '申报成功', '342.79', '{"0": "files/15v1695G4832c.png"}')
Fri 26 Jan 2018 16:20:33 INFO guoshui.py 479 1260 4556 customerid:9数据库插入完成
Fri 26 Jan 2018 16:20:33 INFO guoshui.py 480 1260 4556 customerid:9截取国税申报信息已完成
Fri 26 Jan 2018 16:20:33 INFO guoshui.py 380 1260 4556 customerid:9截取国税财务报表申报信息
Fri 26 Jan 2018 16:20:35 INFO guoshui.py 480 1260 4556 customerid:9截取国税申报信息已完成
Fri 26 Jan 2018 16:20:35 INFO guoshui.py 380 1260 4556 customerid:9截取国税所得税申报信息
Fri 26 Jan 2018 16:20:38 INFO guoshui.py 469 1260 4556 ['1', '《中华人民共和国企业所得税月（季）度预缴纳税申报表（A类，2015年版）》', '2017-01-11', '2016-10-01', '2016-12-31', '申报成功', '104.69', '缴款']
Fri 26 Jan 2018 16:20:38 INFO guoshui.py 470 1260 4556 customerid:9开始插入数据库
Fri 26 Jan 2018 16:20:38 INFO guoshui.py 477 1260 4556 ('10298', 2017, '01', 18282900, 9, '《中华人民共和国企业所得税月（季）度预缴纳税申报表（A类，2015年版）》', '2017-01-11', '2016-10-01', '2016-12-31', '申报成功', '104.69', '{"0": "files/15R16954q838.png"}')
Fri 26 Jan 2018 16:20:38 INFO guoshui.py 479 1260 4556 customerid:9数据库插入完成
Fri 26 Jan 2018 16:20:38 INFO guoshui.py 480 1260 4556 customerid:9截取国税申报信息已完成
Fri 26 Jan 2018 16:20:38 INFO guoshui.py 522 1260 4556 customerid:9截取国税缴款信息
Fri 26 Jan 2018 16:20:49 INFO guoshui.py 583 1260 4556 Message: {"errorMessage":"Unable to find element with css selector '#mini-37 .mini-button-text'","request":{"headers":{"Accept":"application/json","Accept-Encoding":"identity","Connection":"close","Content-Length":"117","Content-Type":"application/json;charset=UTF-8","Host":"127.0.0.1:13313","User-Agent":"Python http auth"},"httpVersion":"1.1","method":"POST","post":"{\"using\": \"css selector\", \"value\": \"#mini-37 .mini-button-text\", \"sessionId\": \"c225fe70-0271-11e8-9c54-d7a200220d33\"}","url":"/element","urlParsed":{"anchor":"","query":"","file":"element","directory":"/","path":"/element","relative":"/element","port":"","host":"","password":"","user":"","userInfo":"","authority":"","protocol":"","source":"/element","queryKey":{},"chunks":["element"]},"urlOriginal":"/session/c225fe70-0271-11e8-9c54-d7a200220d33/element"}}
Screenshot: available via screen

Fri 26 Jan 2018 16:20:52 WARNING guoshui.py 600 1260 4556 ['1', '2016-12-01', '2016-12-31', '增值税', '信息系统服务', '2017-01-11', '未知种类', '2017-01-17', '2017-01-11', '342.79']
Fri 26 Jan 2018 16:20:52 INFO guoshui.py 607 1260 4556 ('10298', 2017, '01', 18282900, 9, '2016-12-01', '2016-12-31', '增值税', '信息系统服务', '2017-01-11', '未知种类', '2017-01-17', '2017-01-11', '342.79', '{"0": "files/1U51695z4M852.png"}')
Fri 26 Jan 2018 16:20:52 WARNING guoshui.py 600 1260 4556 ['2', '2016-10-01', '2016-12-31', '企业所得税', '应纳税所得额', '2017-01-11', '未知种类', '2017-01-17', '2017-01-11', '104.69']
Fri 26 Jan 2018 16:20:52 INFO guoshui.py 607 1260 4556 ('10298', 2017, '01', 18282900, 9, '2016-10-01', '2016-12-31', '企业所得税', '应纳税所得额', '2017-01-11', '未知种类', '2017-01-17', '2017-01-11', '104.69', '{"0": "files/1U51695z4M852.png"}')
Fri 26 Jan 2018 16:20:52 INFO guoshui.py 609 1260 4556 customerid:9截取国税缴款信息已完成
Fri 26 Jan 2018 16:20:53 INFO guoshui.py 617 1260 4556 customerid:9开始登录地税
Fri 26 Jan 2018 16:21:04 INFO guoshui.py 648 1260 4556 customerid:9截取地税申报信息
Fri 26 Jan 2018 16:21:14 INFO guoshui.py 1084 1260 4556 customerid:9地税个人所得税信息查询
Fri 26 Jan 2018 16:21:16 INFO guoshui.py 1133 1260 4556 ('10298', 2017, '01', 18282900, 9, '10024417000002910094', '《扣缴个人所得税报告表》', None, '0.00', '', '2017-01-15', '', '', '{"0": "files/15Ds16954873q.png"}')
Fri 26 Jan 2018 16:21:16 INFO guoshui.py 1134 1260 4556 customerid:9地税个人所得税数据入库
Fri 26 Jan 2018 16:21:17 INFO guoshui.py 1136 1260 4556 customerid:9地税个人所得税数据入库完成
Fri 26 Jan 2018 16:21:19 INFO guoshui.py 1156 1260 4556 customerid:9地税企业所得税查询
Fri 26 Jan 2018 16:21:22 INFO guoshui.py 1227 1260 4556 customerid:9地税城建税
Fri 26 Jan 2018 16:21:26 INFO guoshui.py 1285 1260 4556 ('10298', 2017, '01', 18282900, 9, '10024417000001551650', '《城建税、教育费附加、地方教育附加税（费）申报表》', '城市维护建设税', '24.00', '网络申报', '2017-01-11', '2016-12-01', '2016-12-31', '{"pdf数据": {"市区（增值税附征）": "24", "增值税教育费附加": "10.28", "增值税地方教育附加": "6.86"}, "0": "files/15z169548m8j1.png", "1": "files/15169548A8s5.pdf"}')
Fri 26 Jan 2018 16:21:26 INFO guoshui.py 1286 1260 4556 customerid:9地税城建税数据入库
Fri 26 Jan 2018 16:21:26 INFO guoshui.py 1288 1260 4556 customerid:9地税城建税数据入库完成
Fri 26 Jan 2018 16:21:26 INFO guoshui.py 1309 1260 4556 customerid:9截取地税申报信息已完成
Fri 26 Jan 2018 16:21:38 INFO guoshui.py 1409 1260 4556 ('10298', 2017, '01', 18282900, 9, '320170111000009737', '10024417000001551650', '城建税、教育费附加、地方教育附加税（费）申报', '2016-12-01', '2016-12-31', '2017-01-17', '2017-01-11', '24.00', '{"0": "files/1516R9m5G4892.png", "缴款数据": {"市区（增值税附征）": "24"}, "1": "files/1516A95489X7.png"}')
Fri 26 Jan 2018 16:21:38 INFO guoshui.py 1411 1260 4556 customerid:9截取地税缴款信息已完成
Fri 26 Jan 2018 16:21:41 INFO guoshui.py 1533 1260 4556 customerid:9全部爬取完成
